<?xml version="1.0" encoding="UTF-8"?>
<testsuite xmlns:xsi="http://www.w3.org/2001/XMLSchema-instance" xsi:noNamespaceSchemaLocation="https://maven.apache.org/surefire/maven-surefire-plugin/xsd/surefire-test-report-3.0.xsd" version="3.0" name="com.example.demo.controller.CakeControllerTest" time="3.215" tests="6" errors="0" skipped="0" failures="0">
  <properties>
[...]
</properties>
  <testcase name="getCakeById_shouldReturnCake" classname="com.example.demo.controller.CakeControllerTest" time="0.192">
    <system-out><![CDATA[14:13:27.084 [main] DEBUG org.springframework.test.context.BootstrapUtils - Instantiating CacheAwareContextLoaderDelegate from class [org.springframework.test.context.cache.DefaultCacheAwareContextLoaderDelegate]
14:13:27.107 [main] DEBUG org.springframework.test.context.BootstrapUtils - Instantiating BootstrapContext using constructor [public org.springframework.test.context.support.DefaultBootstrapContext(java.lang.Class,org.springframework.test.context.CacheAwareContextLoaderDelegate)]
14:13:27.188 [main] DEBUG org.springframework.test.context.BootstrapUtils - Instantiating TestContextBootstrapper for test class [com.example.demo.controller.CakeControllerTest] from class [org.springframework.boot.test.autoconfigure.web.servlet.WebMvcTestContextBootstrapper]
14:13:27.207 [main] INFO org.springframework.boot.test.autoconfigure.web.servlet.WebMvcTestContextBootstrapper - Neither @ContextConfiguration nor @ContextHierarchy found for test class [com.example.demo.controller.CakeControllerTest], using SpringBootContextLoader
14:13:27.214 [main] DEBUG org.springframework.test.context.support.AbstractContextLoader - Did not detect default resource location for test class [com.example.demo.controller.CakeControllerTest]: class path resource [com/example/demo/controller/CakeControllerTest-context.xml] does not exist
14:13:27.215 [main] DEBUG org.springframework.test.context.support.AbstractContextLoader - Did not detect default resource location for test class [com.example.demo.controller.CakeControllerTest]: class path resource [com/example/demo/controller/CakeControllerTestContext.groovy] does not exist
14:13:27.215 [main] INFO org.springframework.test.context.support.AbstractContextLoader - Could not detect default resource locations for test class [com.example.demo.controller.CakeControllerTest]: no resource found for suffixes {-context.xml, Context.groovy}.
14:13:27.216 [main] INFO org.springframework.test.context.support.AnnotationConfigContextLoaderUtils - Could not detect default configuration classes for test class [com.example.demo.controller.CakeControllerTest]: CakeControllerTest does not declare any static, non-private, non-final, nested classes annotated with @Configuration.
14:13:27.322 [main] DEBUG org.springframework.test.context.support.ActiveProfilesUtils - Could not find an 'annotation declaring class' for annotation type [org.springframework.test.context.ActiveProfiles] and class [com.example.demo.controller.CakeControllerTest]
14:13:27.419 [main] DEBUG org.springframework.context.annotation.ClassPathScanningCandidateComponentProvider - Identified candidate component class: file [D:\Archivos\Nube\Escritorio\VII SEMESTRE\VERIFICACIÓN Y VALIDACIÓN DE SOFTWARE\LABO 1\junit-ex1-blueprint\target\classes\com\example\demo\DemoApplication.class]
14:13:27.420 [main] INFO org.springframework.boot.test.context.SpringBootTestContextBootstrapper - Found @SpringBootConfiguration com.example.demo.DemoApplication for test class com.example.demo.controller.CakeControllerTest
14:13:27.426 [main] DEBUG org.springframework.boot.test.autoconfigure.web.servlet.WebMvcTestContextBootstrapper - @TestExecutionListeners is not present for class [com.example.demo.controller.CakeControllerTest]: using defaults.
14:13:27.427 [main] INFO org.springframework.boot.test.autoconfigure.web.servlet.WebMvcTestContextBootstrapper - Loaded default TestExecutionListener class names from location [META-INF/spring.factories]: [org.springframework.boot.test.mock.mockito.MockitoTestExecutionListener, org.springframework.boot.test.mock.mockito.ResetMocksTestExecutionListener, org.springframework.boot.test.autoconfigure.restdocs.RestDocsTestExecutionListener, org.springframework.boot.test.autoconfigure.web.client.MockRestServiceServerResetTestExecutionListener, org.springframework.boot.test.autoconfigure.web.servlet.MockMvcPrintOnlyOnFailureTestExecutionListener, org.springframework.boot.test.autoconfigure.web.servlet.WebDriverTestExecutionListener, org.springframework.boot.test.autoconfigure.webservices.client.MockWebServiceServerTestExecutionListener, org.springframework.test.context.web.ServletTestExecutionListener, org.springframework.test.context.support.DirtiesContextBeforeModesTestExecutionListener, org.springframework.test.context.event.ApplicationEventsTestExecutionListener, org.springframework.test.context.support.DependencyInjectionTestExecutionListener, org.springframework.test.context.support.DirtiesContextTestExecutionListener, org.springframework.test.context.transaction.TransactionalTestExecutionListener, org.springframework.test.context.jdbc.SqlScriptsTestExecutionListener, org.springframework.test.context.event.EventPublishingTestExecutionListener]
14:13:27.453 [main] INFO org.springframework.boot.test.autoconfigure.web.servlet.WebMvcTestContextBootstrapper - Using TestExecutionListeners: [org.springframework.test.context.web.ServletTestExecutionListener@33364212, org.springframework.test.context.support.DirtiesContextBeforeModesTestExecutionListener@2216effc, org.springframework.test.context.event.ApplicationEventsTestExecutionListener@745c2004, org.springframework.boot.test.mock.mockito.MockitoTestExecutionListener@6da9dc6, org.springframework.boot.test.autoconfigure.SpringBootDependencyInjectionTestExecutionListener@7fd69dd, org.springframework.test.context.support.DirtiesContextTestExecutionListener@12010fd1, org.springframework.test.context.transaction.TransactionalTestExecutionListener@7c84195, org.springframework.test.context.jdbc.SqlScriptsTestExecutionListener@552ed807, org.springframework.test.context.event.EventPublishingTestExecutionListener@3971f0fe, org.springframework.boot.test.mock.mockito.ResetMocksTestExecutionListener@23940f86, org.springframework.boot.test.autoconfigure.restdocs.RestDocsTestExecutionListener@66153688, org.springframework.boot.test.autoconfigure.web.client.MockRestServiceServerResetTestExecutionListener@455824ad, org.springframework.boot.test.autoconfigure.web.servlet.MockMvcPrintOnlyOnFailureTestExecutionListener@7318daf8, org.springframework.boot.test.autoconfigure.web.servlet.WebDriverTestExecutionListener@70f31322, org.springframework.boot.test.autoconfigure.webservices.client.MockWebServiceServerTestExecutionListener@3f1ddac2]
14:13:27.459 [main] DEBUG org.springframework.test.context.support.AbstractDirtiesContextTestExecutionListener - Before test class: context [DefaultTestContext@422b8438 testClass = CakeControllerTest, testInstance = [null], testMethod = [null], testException = [null], mergedContextConfiguration = [WebMergedContextConfiguration@30669dac testClass = CakeControllerTest, locations = '{}', classes = '{class com.example.demo.DemoApplication}', contextInitializerClasses = '[]', activeProfiles = '{}', propertySourceLocations = '{}', propertySourceProperties = '{org.springframework.boot.test.autoconfigure.web.servlet.WebMvcTestContextBootstrapper=true}', contextCustomizers = set[[ImportsContextCustomizer@629adce key = [org.springframework.boot.autoconfigure.task.TaskExecutionAutoConfiguration, org.springframework.boot.autoconfigure.cache.CacheAutoConfiguration, org.springframework.boot.autoconfigure.web.servlet.HttpEncodingAutoConfiguration, org.springframework.boot.autoconfigure.validation.ValidationAutoConfiguration, org.springframework.boot.autoconfigure.context.MessageSourceAutoConfiguration, org.springframework.boot.autoconfigure.hateoas.HypermediaAutoConfiguration, org.springframework.boot.autoconfigure.data.web.SpringDataWebAutoConfiguration, org.springframework.boot.autoconfigure.jackson.JacksonAutoConfiguration, org.springframework.boot.test.autoconfigure.web.reactive.WebTestClientAutoConfiguration, org.springframework.boot.autoconfigure.web.servlet.error.ErrorMvcAutoConfiguration, org.springframework.boot.test.autoconfigure.web.servlet.MockMvcAutoConfiguration, org.springframework.boot.autoconfigure.security.servlet.SecurityAutoConfiguration, org.springframework.boot.autoconfigure.security.servlet.SecurityFilterAutoConfiguration, org.springframework.boot.autoconfigure.http.HttpMessageConvertersAutoConfiguration, org.springframework.boot.autoconfigure.security.oauth2.client.servlet.OAuth2ClientAutoConfiguration, org.springframework.boot.test.autoconfigure.web.servlet.MockMvcSecurityConfiguration, org.springframework.boot.test.autoconfigure.web.servlet.MockMvcWebClientAutoConfiguration, org.springframework.boot.test.autoconfigure.web.servlet.MockMvcWebDriverAutoConfiguration, org.springframework.boot.autoconfigure.thymeleaf.ThymeleafAutoConfiguration, org.springframework.boot.autoconfigure.gson.GsonAutoConfiguration, org.springframework.boot.autoconfigure.jsonb.JsonbAutoConfiguration, org.springframework.boot.autoconfigure.freemarker.FreeMarkerAutoConfiguration, org.springframework.boot.autoconfigure.web.servlet.WebMvcAutoConfiguration, org.springframework.boot.autoconfigure.security.servlet.UserDetailsServiceAutoConfiguration, org.springframework.boot.autoconfigure.security.oauth2.resource.servlet.OAuth2ResourceServerAutoConfiguration, org.springframework.boot.autoconfigure.groovy.template.GroovyTemplateAutoConfiguration, org.springframework.boot.autoconfigure.mustache.MustacheAutoConfiguration]], org.springframework.boot.test.context.filter.ExcludeFilterContextCustomizer@45673f68, org.springframework.boot.test.json.DuplicateJsonObjectContextCustomizerFactory$DuplicateJsonObjectContextCustomizer@667e34b1, org.springframework.boot.test.mock.mockito.MockitoContextCustomizer@4786744f, org.springframework.boot.test.autoconfigure.OverrideAutoConfigurationContextCustomizerFactory$DisableAutoConfigurationContextCustomizer@2234078, org.springframework.boot.test.autoconfigure.actuate.metrics.MetricsExportContextCustomizerFactory$DisableMetricExportContextCustomizer@69c6161d, org.springframework.boot.test.autoconfigure.filter.TypeExcludeFiltersContextCustomizer@b7373e1a, org.springframework.boot.test.autoconfigure.properties.PropertyMappingContextCustomizer@cd249701, org.springframework.boot.test.autoconfigure.web.servlet.WebDriverContextCustomizerFactory$Customizer@2c779e5, org.springframework.boot.test.context.SpringBootTestArgs@1, org.springframework.boot.test.context.SpringBootTestWebEnvironment@0], resourceBasePath = 'src/main/webapp', contextLoader = 'org.springframework.boot.test.context.SpringBootContextLoader', parent = [null]], attributes = map[[empty]]], class annotated with @DirtiesContext [false] with mode [null].

  .   ____          _            __ _ _
 /\\ / ___'_ __ _ _(_)_ __  __ _ \ \ \ \
( ( )\___ | '_ | '_| | '_ \/ _` | \ \ \ \
 \\/  ___)| |_)| | | | | || (_| |  ) ) ) )
  '  |____| .__|_| |_|_| |_\__, | / / / /
 =========|_|==============|___/=/_/_/_/
 :: Spring Boot ::               (v2.7.18)

2026-01-18 14:13:28.008  INFO 34100 --- [           main] c.e.demo.controller.CakeControllerTest   : Starting CakeControllerTest using Java 25.0.1 on AsusB550M with PID 34100 (started by User in D:\Archivos\Nube\Escritorio\VII SEMESTRE\VERIFICACIÓN Y VALIDACIÓN DE SOFTWARE\LABO 1\junit-ex1-blueprint)
2026-01-18 14:13:28.009  INFO 34100 --- [           main] c.e.demo.controller.CakeControllerTest   : No active profile set, falling back to 1 default profile: "default"
2026-01-18 14:13:29.862  INFO 34100 --- [           main] o.s.b.t.m.w.SpringBootMockServletContext : Initializing Spring TestDispatcherServlet ''
2026-01-18 14:13:29.862  INFO 34100 --- [           main] o.s.t.web.servlet.TestDispatcherServlet  : Initializing Servlet ''
2026-01-18 14:13:29.863  INFO 34100 --- [           main] o.s.t.web.servlet.TestDispatcherServlet  : Completed initialization in 1 ms
2026-01-18 14:13:29.902  INFO 34100 --- [           main] c.e.demo.controller.CakeControllerTest   : Started CakeControllerTest in 2.375 seconds (JVM running for 3.741)
2026-01-18 14:13:29.915  INFO 34100 --- [           main] com.example.demo.DemoApplication         : Datos de prueba cargados exitosamente.
]]></system-out>
  </testcase>
  <testcase name="deleteCake_shouldDeleteCake" classname="com.example.demo.controller.CakeControllerTest" time="0.008"/>
  <testcase name="updateCake_shouldReturnNotFound" classname="com.example.demo.controller.CakeControllerTest" time="0.047"/>
  <testcase name="updateCake_shouldUpdateCake" classname="com.example.demo.controller.CakeControllerTest" time="0.007"/>
  <testcase name="getCakes_shouldReturnEmptyList" classname="com.example.demo.controller.CakeControllerTest" time="0.012"/>
  <testcase name="getCakeById_shouldReturnNotFound" classname="com.example.demo.controller.CakeControllerTest" time="0.004"/>
</testsuite>