<?xml version="1.0" encoding="UTF-8"?>
<testsuite xmlns:xsi="http://www.w3.org/2001/XMLSchema-instance" xsi:noNamespaceSchemaLocation="https://maven.apache.org/surefire/maven-surefire-plugin/xsd/surefire-test-report-3.0.xsd" version="3.0" name="ec.edu.epn.CalculadoraTest" time="0.378" tests="41" errors="0" skipped="0" failures="0">
  <properties>
[...]
</properties>
  <testcase name="multiply_dosNumerosEnteros_devuelveProducto(int, int, int)[1]" classname="ec.edu.epn.CalculadoraTest" time="0.077"/>
  <testcase name="multiply_dosNumerosEnteros_devuelveProducto(int, int, int)[2]" classname="ec.edu.epn.CalculadoraTest" time="0.003"/>
  <testcase name="multiply_dosNumerosEnteros_devuelveProducto(int, int, int)[3]" classname="ec.edu.epn.CalculadoraTest" time="0.003"/>
  <testcase name="multiply_dosNumerosEnteros_devuelveProducto(int, int, int)[4]" classname="ec.edu.epn.CalculadoraTest" time="0.002"/>
  <testcase name="multiply_dosNumerosEnteros_devuelveProducto(int, int, int)[5]" classname="ec.edu.epn.CalculadoraTest" time="0.004"/>
  <testcase name="add_dosNumerosEnteros_devuelveSuma(int, int, int)[1]" classname="ec.edu.epn.CalculadoraTest" time="0.002"/>
  <testcase name="add_dosNumerosEnteros_devuelveSuma(int, int, int)[2]" classname="ec.edu.epn.CalculadoraTest" time="0.002"/>
  <testcase name="add_dosNumerosEnteros_devuelveSuma(int, int, int)[3]" classname="ec.edu.epn.CalculadoraTest" time="0.002"/>
  <testcase name="add_dosNumerosEnteros_devuelveSuma(int, int, int)[4]" classname="ec.edu.epn.CalculadoraTest" time="0.001"/>
  <testcase name="add_dosNumerosEnteros_devuelveSuma(int, int, int)[5]" classname="ec.edu.epn.CalculadoraTest" time="0.003"/>
  <testcase name="divide_byZero_throwsIllegalArgumentException" classname="ec.edu.epn.CalculadoraTest" time="0.006"/>
  <testcase name="isEven_numeroPar_devuelveTrue(int)[1]" classname="ec.edu.epn.CalculadoraTest" time="0.006"/>
  <testcase name="isEven_numeroPar_devuelveTrue(int)[2]" classname="ec.edu.epn.CalculadoraTest" time="0.002"/>
  <testcase name="isEven_numeroPar_devuelveTrue(int)[3]" classname="ec.edu.epn.CalculadoraTest" time="0.001"/>
  <testcase name="isEven_numeroPar_devuelveTrue(int)[4]" classname="ec.edu.epn.CalculadoraTest" time="0.002"/>
  <testcase name="isEven_numeroPar_devuelveTrue(int)[5]" classname="ec.edu.epn.CalculadoraTest" time="0.003"/>
  <testcase name="isEven_numeroPar_devuelveTrue(int)[6]" classname="ec.edu.epn.CalculadoraTest" time="0.002"/>
  <testcase name="isEven_numeroPar_devuelveTrue(int)[7]" classname="ec.edu.epn.CalculadoraTest" time="0.002"/>
  <testcase name="isEven_numeroPar_devuelveTrue(int)[8]" classname="ec.edu.epn.CalculadoraTest" time="0.002"/>
  <testcase name="isEven_numeroPar_devuelveTrue(int)[9]" classname="ec.edu.epn.CalculadoraTest" time="0.001"/>
  <testcase name="isEven_numeroPar_devuelveTrue(int)[10]" classname="ec.edu.epn.CalculadoraTest" time="0.001"/>
  <testcase name="subtract_dosNumerosEnteros_devuelveDiferencia(int, int, int)[1]" classname="ec.edu.epn.CalculadoraTest" time="0.004"/>
  <testcase name="subtract_dosNumerosEnteros_devuelveDiferencia(int, int, int)[2]" classname="ec.edu.epn.CalculadoraTest" time="0.003"/>
  <testcase name="subtract_dosNumerosEnteros_devuelveDiferencia(int, int, int)[3]" classname="ec.edu.epn.CalculadoraTest" time="0.001"/>
  <testcase name="subtract_dosNumerosEnteros_devuelveDiferencia(int, int, int)[4]" classname="ec.edu.epn.CalculadoraTest" time="0.001"/>
  <testcase name="subtract_dosNumerosEnteros_devuelveDiferencia(int, int, int)[5]" classname="ec.edu.epn.CalculadoraTest" time="0.003"/>
  <testcase name="divide_dosNumerosEnteros_devuelveCociente(int, int, double)[1]" classname="ec.edu.epn.CalculadoraTest" time="0.009"/>
  <testcase name="divide_dosNumerosEnteros_devuelveCociente(int, int, double)[2]" classname="ec.edu.epn.CalculadoraTest" time="0.001"/>
  <testcase name="divide_dosNumerosEnteros_devuelveCociente(int, int, double)[3]" classname="ec.edu.epn.CalculadoraTest" time="0.001"/>
  <testcase name="divide_dosNumerosEnteros_devuelveCociente(int, int, double)[4]" classname="ec.edu.epn.CalculadoraTest" time="0.001"/>
  <testcase name="divide_dosNumerosEnteros_devuelveCociente(int, int, double)[5]" classname="ec.edu.epn.CalculadoraTest" time="0.002"/>
  <testcase name="isEven_numeroImpar_devuelveFalse(int)[1]" classname="ec.edu.epn.CalculadoraTest" time="0.003"/>
  <testcase name="isEven_numeroImpar_devuelveFalse(int)[2]" classname="ec.edu.epn.CalculadoraTest" time="0.001"/>
  <testcase name="isEven_numeroImpar_devuelveFalse(int)[3]" classname="ec.edu.epn.CalculadoraTest" time="0.001"/>
  <testcase name="isEven_numeroImpar_devuelveFalse(int)[4]" classname="ec.edu.epn.CalculadoraTest" time="0.002"/>
  <testcase name="isEven_numeroImpar_devuelveFalse(int)[5]" classname="ec.edu.epn.CalculadoraTest" time="0.001"/>
  <testcase name="isEven_numeroImpar_devuelveFalse(int)[6]" classname="ec.edu.epn.CalculadoraTest" time="0.001"/>
  <testcase name="isEven_numeroImpar_devuelveFalse(int)[7]" classname="ec.edu.epn.CalculadoraTest" time="0.003"/>
  <testcase name="isEven_numeroImpar_devuelveFalse(int)[8]" classname="ec.edu.epn.CalculadoraTest" time="0.003"/>
  <testcase name="isEven_numeroImpar_devuelveFalse(int)[9]" classname="ec.edu.epn.CalculadoraTest" time="0.002"/>
  <testcase name="isEven_numeroImpar_devuelveFalse(int)[10]" classname="ec.edu.epn.CalculadoraTest" time="0.002"/>
</testsuite>